[2023-12-19 18:18:02,956] - [INFO] - [websocket open]
[2023-12-19 18:21:48,792] - [INFO] - [websocket open]
[2023-12-19 18:57:38,382] - [INFO] - [websocket open]
[2023-12-19 18:57:38,416] - [ERROR] - [status WebsocketStatus.STATE_START_WAITING can't send binary data]
[2023-12-19 18:57:58,427] - [ERROR] - [now status is WebsocketStatus.STATE_START receive error resp {"resp_type":"FATAL_ERROR","trace_id":"530c7e93-dcc6-4bc1-baa0-d545e4375d6f","error_code":"SIS.0304","error_msg":"wait voice timeout"}]
[2023-12-19 18:57:58,436] - [ERROR] - [now status is WebsocketStatus.STATE_END, error is 'Thread' object has no attribute 'isAlive']
[2023-12-19 19:00:41,588] - [INFO] - [websocket open]
[2023-12-19 19:01:20,952] - [INFO] - [websocket open]
[2023-12-19 19:03:50,092] - [INFO] - [websocket open]
[2023-12-19 19:07:37,074] - [INFO] - [websocket open]
[2023-12-19 19:07:42,135] - [ERROR] - [status WebsocketStatus.STATE_END_WAITING can't send binary data]
[2023-12-19 19:08:59,276] - [INFO] - [websocket open]
[2023-12-19 19:11:30,524] - [INFO] - [websocket open]
[2023-12-19 19:12:49,581] - [INFO] - [websocket open]
[2023-12-19 19:15:39,547] - [INFO] - [websocket open]
[2023-12-19 19:16:06,468] - [INFO] - [websocket open]
[2023-12-19 19:17:45,532] - [INFO] - [websocket open]
[2023-12-19 19:18:50,569] - [INFO] - [websocket open]
[2023-12-19 19:19:21,318] - [INFO] - [websocket open]
[2023-12-19 19:19:36,360] - [INFO] - [websocket open]
[2023-12-19 19:19:43,859] - [INFO] - [websocket open]
[2023-12-19 19:19:52,724] - [INFO] - [websocket open]
[2023-12-19 19:20:24,998] - [INFO] - [websocket open]
[2023-12-19 19:20:33,881] - [INFO] - [websocket open]
[2023-12-19 22:30:38,680] - [INFO] - [websocket open]
